# JRE version: OpenJDK Runtime Environment (8.0_152-b01) (build 1.8.0_152-release-915-b01)
# Java VM: OpenJDK 64-Bit Server VM (25.152-b01 mixed mode linux-amd64 compressed oops)
Heap:
 PSYoungGen      total 385024K, used 87544K [0x00000000e0000000, 0x00000000fdf80000, 0x0000000100000000)
  eden space 295424K, 5% used [0x00000000e0000000,0x00000000e10d9b70,0x00000000f2080000)
  from space 89600K, 78% used [0x00000000f7d80000,0x00000000fc224768,0x00000000fd500000)
  to   space 95232K, 0% used [0x00000000f2080000,0x00000000f2080000,0x00000000f7d80000)
 ParOldGen       total 1048576K, used 916880K [0x00000000a0000000, 0x00000000e0000000, 0x00000000e0000000)
  object space 1048576K, 87% used [0x00000000a0000000,0x00000000d7f64278,0x00000000e0000000)
 Metaspace       used 107526K, capacity 114058K, committed 114136K, reserved 1148928K
  class space    used 12924K, capacity 14302K, committed 14336K, reserved 1048576K
GC Heap History (10 events):
Event: 8907.260 GC heap before
{Heap before GC invocations=142 (full 18):
 PSYoungGen      total 385536K, used 318569K [0x00000000e0000000, 0x00000000fdd00000, 0x0000000100000000)
  eden space 284160K, 100% used [0x00000000e0000000,0x00000000f1580000,0x00000000f1580000)
  from space 101376K, 33% used [0x00000000f1580000,0x00000000f371a7a0,0x00000000f7880000)
  to   space 97792K, 0% used [0x00000000f7d80000,0x00000000f7d80000,0x00000000fdd00000)
 ParOldGen       total 1048576K, used 915525K [0x00000000a0000000, 0x00000000e0000000, 0x00000000e0000000)
  object space 1048576K, 87% used [0x00000000a0000000,0x00000000d7e11428,0x00000000e0000000)
 Metaspace       used 105151K, capacity 111504K, committed 111704K, reserved 1146880K
  class space    used 12777K, capacity 14123K, committed 14208K, reserved 1048576K
Event: 8907.295 GC heap after
Heap after GC invocations=142 (full 18):
 PSYoungGen      total 382464K, used 27002K [0x00000000e0000000, 0x00000000fd680000, 0x0000000100000000)
  eden space 291328K, 0% used [0x00000000e0000000,0x00000000e0000000,0x00000000f1c80000)
  from space 91136K, 29% used [0x00000000f7d80000,0x00000000f97de8f8,0x00000000fd680000)
  to   space 95232K, 0% used [0x00000000f1c80000,0x00000000f1c80000,0x00000000f7980000)
 ParOldGen       total 1048576K, used 916717K [0x00000000a0000000, 0x00000000e0000000, 0x00000000e0000000)
  object space 1048576K, 87% used [0x00000000a0000000,0x00000000d7f3b438,0x00000000e0000000)
 Metaspace       used 105151K, capacity 111504K, committed 111704K, reserved 1146880K
  class space    used 12777K, capacity 14123K, committed 14208K, reserved 1048576K
}
Event: 8909.219 GC heap before
{Heap before GC invocations=143 (full 18):
 PSYoungGen      total 382464K, used 318330K [0x00000000e0000000, 0x00000000fd680000, 0x0000000100000000)
  eden space 291328K, 100% used [0x00000000e0000000,0x00000000f1c80000,0x00000000f1c80000)
  from space 91136K, 29% used [0x00000000f7d80000,0x00000000f97de8f8,0x00000000fd680000)
  to   space 95232K, 0% used [0x00000000f1c80000,0x00000000f1c80000,0x00000000f7980000)
 ParOldGen       total 1048576K, used 916717K [0x00000000a0000000, 0x00000000e0000000, 0x00000000e0000000)
  object space 1048576K, 87% used [0x00000000a0000000,0x00000000d7f3b438,0x00000000e0000000)
 Metaspace       used 106435K, capacity 112876K, committed 113112K, reserved 1148928K
  class space    used 12868K, capacity 14239K, committed 14336K, reserved 1048576K
Event: 8909.257 GC heap after
Heap after GC invocations=143 (full 18):
 PSYoungGen      total 386560K, used 35385K [0x00000000e0000000, 0x00000000fd380000, 0x0000000100000000)
  eden space 291328K, 0% used [0x00000000e0000000,0x00000000e0000000,0x00000000f1c80000)
  from space 95232K, 37% used [0x00000000f1c80000,0x00000000f3f0e738,0x00000000f7980000)
  to   space 90624K, 0% used [0x00000000f7b00000,0x00000000f7b00000,0x00000000fd380000)
 ParOldGen       total 1048576K, used 916848K [0x00000000a0000000, 0x00000000e0000000, 0x00000000e0000000)
  object space 1048576K, 87% used [0x00000000a0000000,0x00000000d7f5c278,0x00000000e0000000)
 Metaspace       used 106435K, capacity 112876K, committed 113112K, reserved 1148928K
  class space    used 12868K, capacity 14239K, committed 14336K, reserved 1048576K
}
Event: 8912.307 GC heap before
{Heap before GC invocations=144 (full 18):
 PSYoungGen      total 386560K, used 326713K [0x00000000e0000000, 0x00000000fd380000, 0x0000000100000000)
  eden space 291328K, 100% used [0x00000000e0000000,0x00000000f1c80000,0x00000000f1c80000)
  from space 95232K, 37% used [0x00000000f1c80000,0x00000000f3f0e738,0x00000000f7980000)
  to   space 90624K, 0% used [0x00000000f7b00000,0x00000000f7b00000,0x00000000fd380000)
 ParOldGen       total 1048576K, used 916848K [0x00000000a0000000, 0x00000000e0000000, 0x00000000e0000000)
  object space 1048576K, 87% used [0x00000000a0000000,0x00000000d7f5c278,0x00000000e0000000)
 Metaspace       used 106864K, capacity 113364K, committed 113624K, reserved 1148928K
  class space    used 12882K, capacity 14255K, committed 14336K, reserved 1048576K
Event: 8912.404 GC heap after
Heap after GC invocations=144 (full 18):
 PSYoungGen      total 381952K, used 48807K [0x00000000e0000000, 0x00000000fce80000, 0x0000000100000000)
  eden space 296448K, 0% used [0x00000000e0000000,0x00000000e0000000,0x00000000f2180000)
  from space 85504K, 57% used [0x00000000f7b00000,0x00000000faaa9db8,0x00000000fce80000)
  to   space 88576K, 0% used [0x00000000f2180000,0x00000000f2180000,0x00000000f7800000)
 ParOldGen       total 1048576K, used 916848K [0x00000000a0000000, 0x00000000e0000000, 0x00000000e0000000)
  object space 1048576K, 87% used [0x00000000a0000000,0x00000000d7f5c278,0x00000000e0000000)
 Metaspace       used 106864K, capacity 113364K, committed 113624K, reserved 1148928K
  class space    used 12882K, capacity 14255K, committed 14336K, reserved 1048576K
}
Event: 8914.739 GC heap before
{Heap before GC invocations=145 (full 18):
 PSYoungGen      total 381952K, used 345255K [0x00000000e0000000, 0x00000000fce80000, 0x0000000100000000)
  eden space 296448K, 100% used [0x00000000e0000000,0x00000000f2180000,0x00000000f2180000)
  from space 85504K, 57% used [0x00000000f7b00000,0x00000000faaa9db8,0x00000000fce80000)
  to   space 88576K, 0% used [0x00000000f2180000,0x00000000f2180000,0x00000000f7800000)
 ParOldGen       total 1048576K, used 916848K [0x00000000a0000000, 0x00000000e0000000, 0x00000000e0000000)
  object space 1048576K, 87% used [0x00000000a0000000,0x00000000d7f5c278,0x00000000e0000000)
 Metaspace       used 107331K, capacity 113800K, committed 113880K, reserved 1148928K
  class space    used 12908K, capacity 14263K, committed 14336K, reserved 1048576K
Event: 8914.806 GC heap after
Heap after GC invocations=145 (full 18):
 PSYoungGen      total 385024K, used 57088K [0x00000000e0000000, 0x00000000fd500000, 0x0000000100000000)
  eden space 296448K, 0% used [0x00000000e0000000,0x00000000e0000000,0x00000000f2180000)
  from space 88576K, 64% used [0x00000000f2180000,0x00000000f59400c8,0x00000000f7800000)
  to   space 89600K, 0% used [0x00000000f7d80000,0x00000000f7d80000,0x00000000fd500000)
 ParOldGen       total 1048576K, used 916872K [0x00000000a0000000, 0x00000000e0000000, 0x00000000e0000000)
  object space 1048576K, 87% used [0x00000000a0000000,0x00000000d7f62278,0x00000000e0000000)
 Metaspace       used 107331K, capacity 113800K, committed 113880K, reserved 1148928K
  class space    used 12908K, capacity 14263K, committed 14336K, reserved 1048576K
}
Event: 8916.550 GC heap before
{Heap before GC invocations=146 (full 18):
 PSYoungGen      total 385024K, used 353536K [0x00000000e0000000, 0x00000000fd500000, 0x0000000100000000)
  eden space 296448K, 100% used [0x00000000e0000000,0x00000000f2180000,0x00000000f2180000)
  from space 88576K, 64% used [0x00000000f2180000,0x00000000f59400c8,0x00000000f7800000)
  to   space 89600K, 0% used [0x00000000f7d80000,0x00000000f7d80000,0x00000000fd500000)
 ParOldGen       total 1048576K, used 916872K [0x00000000a0000000, 0x00000000e0000000, 0x00000000e0000000)
  object space 1048576K, 87% used [0x00000000a0000000,0x00000000d7f62278,0x00000000e0000000)
 Metaspace       used 107509K, capacity 113994K, committed 114136K, reserved 1148928K
  class space    used 12922K, capacity 14302K, committed 14336K, reserved 1048576K
Event: 8916.621 GC heap after
Heap after GC invocations=146 (full 18):
 PSYoungGen      total 385024K, used 70289K [0x00000000e0000000, 0x00000000fdf80000, 0x0000000100000000)
  eden space 295424K, 0% used [0x00000000e0000000,0x00000000e0000000,0x00000000f2080000)
  from space 89600K, 78% used [0x00000000f7d80000,0x00000000fc224768,0x00000000fd500000)
  to   space 95232K, 0% used [0x00000000f2080000,0x00000000f2080000,0x00000000f7d80000)
 ParOldGen       total 1048576K, used 916880K [0x00000000a0000000, 0x00000000e0000000, 0x00000000e0000000)
  object space 1048576K, 87% used [0x00000000a0000000,0x00000000d7f64278,0x00000000e0000000)
 Metaspace       used 107509K, capacity 113994K, committed 114136K, reserved 1148928K
  class space    used 12922K, capacity 14302K, committed 14336K, reserved 1048576K
}

